{"/home/amal/Documents/GitHub/portfolio-www.theodinproject.com/Full-Stack-JavaScript/JavaScript/Testing JavaScript/calculator.js": {"path":"/home/amal/Documents/GitHub/portfolio-www.theodinproject.com/Full-Stack-JavaScript/JavaScript/Testing JavaScript/calculator.js","all":false,"statementMap":{"0":{"start":{"line":1,"column":0},"end":{"line":1,"column":44}},"1":{"start":{"line":2,"column":0},"end":{"line":2,"column":26}},"2":{"start":{"line":3,"column":0},"end":{"line":3,"column":23}},"3":{"start":{"line":4,"column":0},"end":{"line":4,"column":33}},"4":{"start":{"line":5,"column":0},"end":{"line":5,"column":23}},"5":{"start":{"line":6,"column":0},"end":{"line":6,"column":33}},"6":{"start":{"line":7,"column":0},"end":{"line":7,"column":23}},"7":{"start":{"line":8,"column":0},"end":{"line":8,"column":33}},"8":{"start":{"line":9,"column":0},"end":{"line":9,"column":23}},"9":{"start":{"line":10,"column":0},"end":{"line":10,"column":3}},"10":{"start":{"line":11,"column":0},"end":{"line":11,"column":1}},"11":{"start":{"line":12,"column":0},"end":{"line":12,"column":0}},"12":{"start":{"line":13,"column":0},"end":{"line":13,"column":22}}},"s":{"0":4,"1":4,"2":1,"3":4,"4":1,"5":3,"6":1,"7":1,"8":1,"9":1,"10":4,"11":1,"12":1},"branchMap":{"0":{"type":"branch","line":1,"loc":{"start":{"line":1,"column":0},"end":{"line":11,"column":1}},"locations":[{"start":{"line":1,"column":0},"end":{"line":11,"column":1}}]},"1":{"type":"branch","line":2,"loc":{"start":{"line":2,"column":25},"end":{"line":4,"column":3}},"locations":[{"start":{"line":2,"column":25},"end":{"line":4,"column":3}}]},"2":{"type":"branch","line":4,"loc":{"start":{"line":4,"column":3},"end":{"line":10,"column":3}},"locations":[{"start":{"line":4,"column":3},"end":{"line":10,"column":3}}]},"3":{"type":"branch","line":4,"loc":{"start":{"line":4,"column":32},"end":{"line":6,"column":3}},"locations":[{"start":{"line":4,"column":32},"end":{"line":6,"column":3}}]},"4":{"type":"branch","line":6,"loc":{"start":{"line":6,"column":3},"end":{"line":10,"column":3}},"locations":[{"start":{"line":6,"column":3},"end":{"line":10,"column":3}}]},"5":{"type":"branch","line":6,"loc":{"start":{"line":6,"column":32},"end":{"line":10,"column":3}},"locations":[{"start":{"line":6,"column":32},"end":{"line":10,"column":3}}]}},"b":{"0":[4],"1":[1],"2":[3],"3":[1],"4":[2],"5":[1]},"fnMap":{"0":{"name":"calculator","decl":{"start":{"line":1,"column":0},"end":{"line":11,"column":1}},"loc":{"start":{"line":1,"column":0},"end":{"line":11,"column":1}},"line":1}},"f":{"0":4}}
}
