TN:
SF:analyzeArray.js
FN:18,analyzeArray
FN:24,average
FN:34,min
FN:40,max
FN:46,length
FN:51,returnObject
FNF:6
FNH:6
FNDA:1,analyzeArray
FNDA:2,average
FNDA:2,min
FNDA:2,max
FNDA:2,length
FNDA:1,returnObject
DA:1,1
DA:2,1
DA:3,1
DA:4,1
DA:5,1
DA:6,1
DA:7,1
DA:8,1
DA:9,1
DA:10,1
DA:11,1
DA:12,1
DA:13,1
DA:14,1
DA:15,1
DA:16,1
DA:17,1
DA:18,1
DA:19,1
DA:20,1
DA:21,1
DA:22,1
DA:23,1
DA:24,1
DA:25,2
DA:26,2
DA:27,2
DA:28,2
DA:29,12
DA:30,12
DA:31,2
DA:32,2
DA:33,1
DA:34,1
DA:35,2
DA:36,2
DA:37,2
DA:38,2
DA:39,1
DA:40,1
DA:41,2
DA:42,2
DA:43,2
DA:44,2
DA:45,1
DA:46,1
DA:47,2
DA:48,2
DA:49,2
DA:50,1
DA:51,1
DA:52,1
DA:53,1
DA:54,1
DA:55,1
DA:56,1
DA:57,1
DA:58,1
DA:59,1
DA:60,1
LF:60
LH:60
BRDA:18,0,0,1
BRDA:24,1,0,2
BRDA:28,2,0,12
BRDA:34,3,0,2
BRDA:36,4,0,10
BRDA:40,5,0,2
BRDA:42,6,0,17
BRDA:46,7,0,2
BRDA:51,8,0,1
BRF:9
BRH:9
end_of_record
